2011. 10. 20 오후 3:51:48 org.apache.catalina.startup.Embedded initDirs
심각: Cannot find specified temporary folder at D:\workspace_classic\uengine_standalone\was\temp
2011. 10. 20 오후 3:51:49 org.apache.catalina.core.AprLifecycleListener init
정보: The APR based Apache Tomcat Native library which allows optimal performance in production environments was not found on the java.library.path: C:\Program Files\Java\jdk1.5.0_22\bin;.;C:\Windows\system32;C:\Windows;C:\oracle\product\10.2.0\client\bin;C:\Windows\system32;C:\Windows;C:\Windows\System32\Wbem;C:\Windows\System32\WindowsPowerShell\v1.0\;C:\Program Files\Java\jdk1.5.0_22\bin;C:\Program Files\MySQL\MySQL Server 5.5\bin;C:\Program Files\QuickTime\QTSystem\
2011. 10. 20 오후 3:51:49 org.apache.coyote.http11.Http11Protocol init
정보: Initializing Coyote HTTP/1.1 on http-8080
2011. 10. 20 오후 3:51:49 org.apache.catalina.startup.Catalina load
정보: Initialization processed in 454 ms
2011. 10. 20 오후 3:51:49 org.apache.catalina.core.StandardService start
정보: Starting service Catalina
2011. 10. 20 오후 3:51:49 org.apache.catalina.core.StandardEngine start
정보: Starting Servlet Engine: Apache Tomcat/6.0.20
2011. 10. 20 오후 3:51:51 org.apache.axis.utils.JavaUtils isAttachmentSupported
경고: Unable to find required classes (javax.activation.DataHandler and javax.mail.internet.MimeMultipart). Attachment support is disabled.
2011. 10. 20 오후 3:51:52 org.apache.coyote.http11.Http11Protocol start
정보: Starting Coyote HTTP/1.1 on http-8080
2011. 10. 20 오후 3:51:52 org.apache.jk.common.ChannelSocket init
정보: JK: ajp13 listening on /0.0.0.0:8009
2011. 10. 20 오후 3:51:52 org.apache.jk.server.JkMain start
정보: Jk running ID=0 time=0/20  config=null
2011. 10. 20 오후 3:51:52 org.apache.catalina.startup.Catalina start
정보: Server startup in 2713 ms
